#
# There is insufficient memory for the Java Runtime Environment to continue.
# Native memory allocation (mmap) failed to map 132120576 bytes for G1 virtual space
# Possible reasons:
#   The system is out of physical RAM or swap space
#   The process is running with CompressedOops enabled, and the Java Heap may be blocking the growth of the native heap
# Possible solutions:
#   Reduce memory load on the system
#   Increase physical memory or swap space
#   Check if swap backing store is full
#   Decrease Java heap size (-Xmx/-Xms)
#   Decrease number of Java threads
#   Decrease Java thread stack sizes (-Xss)
#   Set larger code cache with -XX:ReservedCodeCacheSize=
#   JVM is running with Unscaled Compressed Oops mode in which the Java heap is
#     placed in the first 4GB address space. The Java Heap base address is the
#     maximum limit for the native heap growth. Please use -XX:HeapBaseMinAddress
#     to set the Java Heap base and to place the Java Heap above 4GB virtual address.
# This output file may be truncated or incomplete.
#
#  Out of Memory Error (os_windows.cpp:3548), pid=56284, tid=34312
#
# JRE version:  (17.0.12+8) (build )
# Java VM: Java HotSpot(TM) 64-Bit Server VM (17.0.12+8-LTS-286, mixed mode, sharing, tiered, compressed oops, compressed class ptrs, g1 gc, windows-amd64)
# No core dump will be written. Minidumps are not enabled by default on client versions of Windows
#

---------------  S U M M A R Y ------------

Command Line: -Dnet.bytebuddy.agent.attacher.dump= net.bytebuddy.agent.Attacher com.sun.tools.attach.VirtualMachine 64668 C:\Users\LENOVO\.gradle\caches\modules-2\files-2.1\net.bytebuddy\byte-buddy-agent\1.15.10\e8eb255b2c378b9a6c7341e7b0e12f0a5636377\byte-buddy-agent-1.15.10.jar false 

Host: Intel(R) Core(TM) i5-10300H CPU @ 2.50GHz, 8 cores, 7G,  Windows 11 , 64 bit Build 22621 (10.0.22621.4391)
Time: Wed Dec 11 22:04:31 2024 SE Asia Standard Time elapsed time: 0.032620 seconds (0d 0h 0m 0s)

---------------  T H R E A D  ---------------

Current thread (0x00000231fe261b80):  JavaThread "Unknown thread" [_thread_in_vm, id=34312, stack(0x0000004063200000,0x0000004063300000)]

Stack: [0x0000004063200000,0x0000004063300000]
Native frames: (J=compiled Java code, j=interpreted, Vv=VM code, C=native code)
V  [jvm.dll+0x67a04a]
V  [jvm.dll+0x7da4ed]
V  [jvm.dll+0x7dbe33]
V  [jvm.dll+0x7dc4a3]
V  [jvm.dll+0x24508f]
V  [jvm.dll+0x677089]
V  [jvm.dll+0x66bd32]
V  [jvm.dll+0x301fa6]
V  [jvm.dll+0x309546]
V  [jvm.dll+0x359d2e]
V  [jvm.dll+0x359f5f]
V  [jvm.dll+0x2d9078]
V  [jvm.dll+0x2d9fe4]
V  [jvm.dll+0x7aca21]
V  [jvm.dll+0x367591]
V  [jvm.dll+0x78b999]
V  [jvm.dll+0x3ec83f]
V  [jvm.dll+0x3ee471]
C  [jli.dll+0x5297]
C  [ucrtbase.dll+0x29333]
C  [KERNEL32.DLL+0x1259d]
C  [ntdll.dll+0x5af38]


---------------  P R O C E S S  ---------------

Threads class SMR info:
_java_thread_list=0x00007ffd85577a18, length=0, elements={
}

Java Threads: ( => current thread )

Other Threads:
  0x00000231fe2bf370 GCTaskThread "GC Thread#0" [stack: 0x0000004063300000,0x0000004063400000] [id=42800]
  0x00000231fe2d1ee0 ConcurrentGCThread "G1 Main Marker" [stack: 0x0000004063400000,0x0000004063500000] [id=12280]
  0x00000231fe2d3090 ConcurrentGCThread "G1 Conc#0" [stack: 0x0000004063500000,0x0000004063600000] [id=49900]

[error occurred during error reporting (printing all threads), id 0xc0000005, EXCEPTION_ACCESS_VIOLATION (0xc0000005) at pc=0x00007ffd84da9b67]

VM state: not at safepoint (not fully initialized)

VM Mutex/Monitor currently owned by a thread:  ([mutex/lock_event])
[0x00000231fe25d6e0] Heap_lock - owner thread: 0x00000231fe261b80

Heap address: 0x0000000082000000, size: 2016 MB, Compressed Oops mode: 32-bit

CDS archive(s) mapped at: [0x0000000000000000-0x0000000000000000-0x0000000000000000), size 0, SharedBaseAddress: 0x0000000800000000, ArchiveRelocationMode: 1.
Narrow klass base: 0x0000000000000000, Narrow klass shift: 0, Narrow klass range: 0x0

GC Precious Log:
<Empty>

Heap:
 garbage-first heap   total 0K, used 0K [0x0000000082000000, 0x0000000100000000)
  region size 1024K, 0 young (0K), 0 survivors (0K)

[error occurred during error reporting (printing heap information), id 0xc0000005, EXCEPTION_ACCESS_VIOLATION (0xc0000005) at pc=0x00007ffd85193859]

GC Heap History (0 events):
No events

Deoptimization events (0 events):
No events

Classes unloaded (0 events):
No events

Classes redefined (0 events):
No events

Internal exceptions (0 events):
No events

VM Operations (0 events):
No events

Events (1 events):
Event: 0.008 Loaded shared library C:\Program Files\Java\jdk-17\bin\java.dll


Dynamic libraries:
0x00007ff688570000 - 0x00007ff688580000 	C:\Program Files\Java\jdk-17\bin\java.exe
0x00007ffde14f0000 - 0x00007ffde1707000 	C:\WINDOWS\SYSTEM32\ntdll.dll
0x00007ffddfdf0000 - 0x00007ffddfeb4000 	C:\WINDOWS\System32\KERNEL32.DLL
0x00007ffddee20000 - 0x00007ffddf1d9000 	C:\WINDOWS\System32\KERNELBASE.dll
0x00007ffdded00000 - 0x00007ffddee11000 	C:\WINDOWS\System32\ucrtbase.dll
0x00007ffdb3710000 - 0x00007ffdb3729000 	C:\Program Files\Java\jdk-17\bin\jli.dll
0x00007ffdb1820000 - 0x00007ffdb183b000 	C:\Program Files\Java\jdk-17\bin\VCRUNTIME140.dll
0x00007ffddf210000 - 0x00007ffddf2c2000 	C:\WINDOWS\System32\ADVAPI32.dll
0x00007ffddffa0000 - 0x00007ffde0047000 	C:\WINDOWS\System32\msvcrt.dll
0x00007ffddf540000 - 0x00007ffddf5e7000 	C:\WINDOWS\System32\sechost.dll
0x00007ffddf1e0000 - 0x00007ffddf208000 	C:\WINDOWS\System32\bcrypt.dll
0x00007ffde0f20000 - 0x00007ffde1034000 	C:\WINDOWS\System32\RPCRT4.dll
0x00007ffddf2e0000 - 0x00007ffddf48e000 	C:\WINDOWS\System32\USER32.dll
0x00007ffdbe270000 - 0x00007ffdbe502000 	C:\WINDOWS\WinSxS\amd64_microsoft.windows.common-controls_6595b64144ccf1df_6.0.22621.4391_none_2715d37f73803e96\COMCTL32.dll
0x00007ffdde8b0000 - 0x00007ffdde8d6000 	C:\WINDOWS\System32\win32u.dll
0x00007ffde0660000 - 0x00007ffde0689000 	C:\WINDOWS\System32\GDI32.dll
0x00007ffdde950000 - 0x00007ffddea6b000 	C:\WINDOWS\System32\gdi32full.dll
0x00007ffdd6440000 - 0x00007ffdd644a000 	C:\WINDOWS\SYSTEM32\VERSION.dll
0x00007ffddebe0000 - 0x00007ffddec7a000 	C:\WINDOWS\System32\msvcp_win.dll
0x00007ffddfad0000 - 0x00007ffddfb01000 	C:\WINDOWS\System32\IMM32.DLL
0x00007ffdcc910000 - 0x00007ffdcc91c000 	C:\Program Files\Java\jdk-17\bin\vcruntime140_1.dll
0x00007ffd91c80000 - 0x00007ffd91d0e000 	C:\Program Files\Java\jdk-17\bin\msvcp140.dll
0x00007ffd84ac0000 - 0x00007ffd856a0000 	C:\Program Files\Java\jdk-17\bin\server\jvm.dll
0x00007ffddfc10000 - 0x00007ffddfc18000 	C:\WINDOWS\System32\PSAPI.DLL
0x00007ffdc2ab0000 - 0x00007ffdc2ab9000 	C:\WINDOWS\SYSTEM32\WSOCK32.dll
0x00007ffdd7e10000 - 0x00007ffdd7e44000 	C:\WINDOWS\SYSTEM32\WINMM.dll
0x00007ffddff20000 - 0x00007ffddff91000 	C:\WINDOWS\System32\WS2_32.dll
0x00007ffddd920000 - 0x00007ffddd938000 	C:\WINDOWS\SYSTEM32\kernel.appcore.dll
0x00007ffdc56d0000 - 0x00007ffdc56da000 	C:\Program Files\Java\jdk-17\bin\jimage.dll
0x00007ffddc200000 - 0x00007ffddc432000 	C:\WINDOWS\SYSTEM32\DBGHELP.DLL
0x00007ffddf5f0000 - 0x00007ffddf97f000 	C:\WINDOWS\System32\combase.dll
0x00007ffde13d0000 - 0x00007ffde14a7000 	C:\WINDOWS\System32\OLEAUT32.dll
0x00007ffdbbca0000 - 0x00007ffdbbcd2000 	C:\WINDOWS\SYSTEM32\dbgcore.DLL
0x00007ffddec80000 - 0x00007ffddecfb000 	C:\WINDOWS\System32\bcryptPrimitives.dll
0x00007ffdb00c0000 - 0x00007ffdb00e5000 	C:\Program Files\Java\jdk-17\bin\java.dll

dbghelp: loaded successfully - version: 4.0.5 - missing functions: none
symbol engine: initialized successfully - sym options: 0x614 - pdb path: .;C:\Program Files\Java\jdk-17\bin;C:\WINDOWS\SYSTEM32;C:\WINDOWS\WinSxS\amd64_microsoft.windows.common-controls_6595b64144ccf1df_6.0.22621.4391_none_2715d37f73803e96;C:\Program Files\Java\jdk-17\bin\server

VM Arguments:
jvm_args: -Dnet.bytebuddy.agent.attacher.dump= 
java_command: net.bytebuddy.agent.Attacher com.sun.tools.attach.VirtualMachine 64668 C:\Users\LENOVO\.gradle\caches\modules-2\files-2.1\net.bytebuddy\byte-buddy-agent\1.15.10\e8eb255b2c378b9a6c7341e7b0e12f0a5636377\byte-buddy-agent-1.15.10.jar false 
java_class_path (initial): C:\Users\LENOVO\.gradle\caches\modules-2\files-2.1\net.bytebuddy\byte-buddy-agent\1.15.10\e8eb255b2c378b9a6c7341e7b0e12f0a5636377\byte-buddy-agent-1.15.10.jar
Launcher Type: SUN_STANDARD

[Global flags]
     intx CICompilerCount                          = 4                                         {product} {ergonomic}
     uint ConcGCThreads                            = 2                                         {product} {ergonomic}
     uint G1ConcRefinementThreads                  = 8                                         {product} {ergonomic}
   size_t G1HeapRegionSize                         = 1048576                                   {product} {ergonomic}
    uintx GCDrainStackTargetSize                   = 64                                        {product} {ergonomic}
   size_t InitialHeapSize                          = 132120576                                 {product} {ergonomic}
   size_t MarkStackSize                            = 4194304                                   {product} {ergonomic}
   size_t MaxHeapSize                              = 2113929216                                {product} {ergonomic}
   size_t MinHeapDeltaBytes                        = 1048576                                   {product} {ergonomic}
   size_t MinHeapSize                              = 8388608                                   {product} {ergonomic}
    uintx NonNMethodCodeHeapSize                   = 5839372                                {pd product} {ergonomic}
    uintx NonProfiledCodeHeapSize                  = 122909434                              {pd product} {ergonomic}
    uintx ProfiledCodeHeapSize                     = 122909434                              {pd product} {ergonomic}
    uintx ReservedCodeCacheSize                    = 251658240                              {pd product} {ergonomic}
     bool SegmentedCodeCache                       = true                                      {product} {ergonomic}
   size_t SoftMaxHeapSize                          = 2113929216                             {manageable} {ergonomic}
     bool UseCompressedClassPointers               = true                           {product lp64_product} {ergonomic}
     bool UseCompressedOops                        = true                           {product lp64_product} {ergonomic}
     bool UseG1GC                                  = true                                      {product} {ergonomic}
     bool UseLargePagesIndividualAllocation        = false                                  {pd product} {ergonomic}

Logging:
Log output configuration:
 #0: stdout all=warning uptime,level,tags
 #1: stderr all=off uptime,level,tags

Environment Variables:
JAVA_HOME=C:\Program Files\Java\jdk-17
CLASSPATH=C:\PBW\TUBES PBW\MemberTubes\demo\demo\\gradle\wrapper\gradle-wrapper.jar
PATH=C:\Program Files\Gradle\gradle-8.10.2\bin;C:\Program Files (x86)\Common Files\Oracle\Java\javapath;C:\Program Files\Java\jdk-17\bin;C:\Windows\system32;C:\Windows;C:\Windows\System32\Wbem;C:\Windows\System32\WindowsPowerShell\v1.0\;C:\Windows\System32\OpenSSH\;C:\Program Files (x86)\NVIDIA Corporation\PhysX\Common;C:\Program Files\NVIDIA Corporation\NVIDIA NvDLISR;C:\WINDOWS\system32;C:\WINDOWS;C:\WINDOWS\System32\Wbem;C:\WINDOWS\System32\WindowsPowerShell\v1.0\;C:\WINDOWS\System32\OpenSSH\;C:\Program Files\Cloudflare\Cloudflare WARP;C:\Program Files\Cloudflare\Cloudflare WARP\;C:\Users\LENOVO\Downloads\gradle-8.4-all\gradle-8.4\bin;C:\msys64\ucrt64\bin;C:\MinGW\bin;C:\Program Files (x86)\Microsoft SQL Server\160\Tools\Binn\;C:\Program Files\Microsoft SQL Server\160\Tools\Binn\;C:\Program Files\Microsoft SQL Server\Client SDK\ODBC\170\Tools\Binn\;C:\Program Files\Microsoft SQL Server\160\DTS\Binn\;C:\Program Files (x86)\Microsoft SQL Server\160\DTS\Binn\;C:\Program Files\Azure Data Studio\bin;D:\Git\cmd;C:\Users\LENOVO\AppData\Local\Programs\Python\Python310\Scripts\;C:\Users\LENOVO\AppData\Local\Programs\Python\Python310\;C:\msys64\ucrt64\bin;D:\Microsoft VS Code\bin;C:\MinGW\bin;C:\Program Files\Azure Data Studio\bin;C:\Program Files\Gradle\gradle-8.10.2\bin;C:\Users\LENOVO\AppData\Local\GitHubDesktop\bin;C:\ProgramData\LENOVO\GitHubDesktop\bin
USERNAME=LENOVO
LANG=en_US.UTF-8
OS=Windows_NT
PROCESSOR_IDENTIFIER=Intel64 Family 6 Model 165 Stepping 2, GenuineIntel



---------------  S Y S T E M  ---------------

OS:
 Windows 11 , 64 bit Build 22621 (10.0.22621.4391)
OS uptime: 11 days 8:57 hours

CPU: total 8 (initial active 8) (4 cores per cpu, 2 threads per core) family 6 model 165 stepping 2 microcode 0xec, cx8, cmov, fxsr, ht, mmx, 3dnowpref, sse, sse2, sse3, ssse3, sse4.1, sse4.2, popcnt, lzcnt, tsc, tscinvbit, avx, avx2, aes, erms, clmul, bmi1, bmi2, adx, fma, vzeroupper, clflush, clflushopt

Memory: 4k page, system-wide physical 8059M (388M free)
TotalPageFile size 23585M (AvailPageFile size 97M)
current process WorkingSet (physical memory assigned to process): 11M, peak: 11M
current process commit charge ("private bytes"): 60M, peak: 186M

vm_info: Java HotSpot(TM) 64-Bit Server VM (17.0.12+8-LTS-286) for windows-amd64 JRE (17.0.12+8-LTS-286), built on Jun  5 2024 06:46:59 by "mach5one" with MS VC++ 17.6 (VS2022)

END.
